<?xml version="1.0" encoding="UTF-8"?>
<!-- Generated by org.testng.reporters.JUnitReportReporter -->
<testsuite hostname="DESKTOP-6AQJ2AG" failures="0" tests="1" name="basics.GetListUser" time="4.364" errors="0" timestamp="2023-04-03T08:44:16 IST" skipped="0">
  <testcase classname="basics.GetListUser" name="getListOfUsers" time="4.364"/>
  <system-out/>
</testsuite> <!-- basics.GetListUser -->
